[debug] [2021-07-04T06:34:16.573Z] ----------------------------------------------------------------------
[debug] [2021-07-04T06:34:16.575Z] Command:       /usr/local/bin/node /usr/local/bin/firebase init
[debug] [2021-07-04T06:34:16.575Z] CLI Version:   9.14.0
[debug] [2021-07-04T06:34:16.575Z] Platform:      darwin
[debug] [2021-07-04T06:34:16.575Z] Node Version:  v14.17.2
[debug] [2021-07-04T06:34:16.576Z] Time:          Sun Jul 04 2021 01:34:16 GMT-0500 (Central Daylight Time)
[debug] [2021-07-04T06:34:16.576Z] ----------------------------------------------------------------------
[debug] 
[debug] [2021-07-04T06:34:16.581Z] > command requires scopes: ["email","openid","https://www.googleapis.com/auth/cloudplatformprojects.readonly","https://www.googleapis.com/auth/firebase","https://www.googleapis.com/auth/cloud-platform"]
[debug] [2021-07-04T06:34:16.582Z] > authorizing via signed-in user (aidaytyn@gmail.com)
[info] 
     ######## #### ########  ######## ########     ###     ######  ########
     ##        ##  ##     ## ##       ##     ##  ##   ##  ##       ##
     ######    ##  ########  ######   ########  #########  ######  ######
     ##        ##  ##    ##  ##       ##     ## ##     ##       ## ##
     ##       #### ##     ## ######## ########  ##     ##  ######  ########

You're about to initialize a Firebase project in this directory:

  /Users/aiday/Desktop/Seytech/Clone-projects/todo-firebase/todo-firebase

[info] 
=== Project Setup
[info] 
[info] First, let's associate this project directory with a Firebase project.
[info] You can create multiple project aliases by running firebase use --add, 
[info] but for now we'll just set up a default project.
[info] 
[debug] [2021-07-04T06:35:03.605Z] > refreshing access token with scopes: []
[debug] [2021-07-04T06:35:03.606Z] >>> HTTP REQUEST POST https://www.googleapis.com/oauth2/v3/token  
 <request body omitted>
[debug] [2021-07-04T06:35:04.003Z] <<< HTTP RESPONSE 200 {"pragma":"no-cache","expires":"Mon, 01 Jan 1990 00:00:00 GMT","cache-control":"no-cache, no-store, max-age=0, must-revalidate","date":"Sun, 04 Jul 2021 06:35:04 GMT","content-type":"application/json; charset=utf-8","vary":"X-Origin, Referer, Origin,Accept-Encoding","server":"scaffolding on HTTPServer2","x-xss-protection":"0","x-frame-options":"SAMEORIGIN","x-content-type-options":"nosniff","alt-svc":"h3=\":443\"; ma=2592000,h3-29=\":443\"; ma=2592000,h3-T051=\":443\"; ma=2592000,h3-Q050=\":443\"; ma=2592000,h3-Q046=\":443\"; ma=2592000,h3-Q043=\":443\"; ma=2592000,quic=\":443\"; ma=2592000; v=\"46,43\"","accept-ranges":"none","transfer-encoding":"chunked"}
[debug] [2021-07-04T06:35:04.077Z] >>> [apiv2][query] GET https://firebase.googleapis.com/v1beta1/projects pageSize=100
[debug] [2021-07-04T06:35:04.598Z] <<< [apiv2][status] GET https://firebase.googleapis.com/v1beta1/projects 200
[debug] [2021-07-04T06:35:04.598Z] <<< [apiv2][body] GET https://firebase.googleapis.com/v1beta1/projects [omitted]
[info] i  Using project todo-app-8b1d3 (todo-app) 
[info] 
=== Hosting Setup
[info] 
[info] Your public directory is the folder (relative to your project directory) that
[info] will contain Hosting assets to be uploaded with firebase deploy. If you
[info] have a build process for your assets, use your build's output directory.
[info] 
[debug] [2021-07-04T06:35:43.231Z] >>> [apiv2][query] GET https://www.gstatic.com/firebasejs/releases.json [none]
[debug] [2021-07-04T06:35:43.555Z] <<< [apiv2][status] GET https://www.gstatic.com/firebasejs/releases.json 200
[debug] [2021-07-04T06:35:43.555Z] <<< [apiv2][body] GET https://www.gstatic.com/firebasejs/releases.json {"current":{"version":"8.7.0","browserURL":"https://www.gstatic.com/firebasejs/8.7.0/firebase.js","packageURL":"https://www.gstatic.com/firebasejs/8.7.0/firebase.tgz"},"live":{"version":"8.7","browserURL":"https://www.gstatic.com/firebasejs/live/8.7/firebase.js","packageURL":"https://www.gstatic.com/firebasejs/live/8.7/firebase.tgz"},"components":{"analytics":"https://www.gstatic.com/firebasejs/8.7.0/firebase-analytics.js","app":"https://www.gstatic.com/firebasejs/8.7.0/firebase-app.js","app-check":"https://www.gstatic.com/firebasejs/8.7.0/firebase-app-check.js","auth":"https://www.gstatic.com/firebasejs/8.7.0/firebase-auth.js","database":"https://www.gstatic.com/firebasejs/8.7.0/firebase-database.js","firestore":"https://www.gstatic.com/firebasejs/8.7.0/firebase-firestore.js","functions":"https://www.gstatic.com/firebasejs/8.7.0/firebase-functions.js","installations":"https://www.gstatic.com/firebasejs/8.7.0/firebase-installations.js","messaging":"https://www.gstatic.com/firebasejs/8.7.0/firebase-messaging.js","storage":"https://www.gstatic.com/firebasejs/8.7.0/firebase-storage.js","performance":"https://www.gstatic.com/firebasejs/8.7.0/firebase-performance.js","remote-config":"https://www.gstatic.com/firebasejs/8.7.0/firebase-remote-config.js","firestore.memory":"https://www.gstatic.com/firebasejs/8.7.0/firebase-firestore.memory.js"}}
[info] ✔  Wrote build/index.html 
[info] 
[info] i  Detected a .git folder at /Users/aiday/Desktop 
[info] i  Authorizing with GitHub to upload your service account to a GitHub repository's secrets store. 
[info] 
[info] Visit this URL on this device to log in:
[info] https://github.com/login/oauth/authorize?client_id=89cf50f02ac6aaed3484&state=375453147&redirect_uri=http%3A%2F%2Flocalhost%3A9005&scope=read%3Auser%20repo%20public_repo
[info] 
[info] Waiting for authentication...
[debug] [2021-07-04T06:35:59.988Z] >>> HTTP REQUEST POST https://github.com/login/oauth/access_token  
 {"client_id":"89cf50f02ac6aaed3484","client_secret":"3330d14abc895d9a74d5f17cd7a00711fa2c5bf0","code":"1403513bef04fa9f134c","redirect_uri":"http://localhost:9005","state":"375453147"}
[debug] [2021-07-04T06:36:00.247Z] <<< HTTP RESPONSE 200 {"server":"GitHub.com","date":"Sun, 04 Jul 2021 06:36:00 GMT","content-type":"application/json; charset=utf-8","transfer-encoding":"chunked","vary":"X-PJAX, Accept-Encoding, Accept, X-Requested-With","permissions-policy":"interest-cohort=()","etag":"W/\"e09d8b97f3d993a572afa4fd81cea4ff\"","cache-control":"max-age=0, private, must-revalidate","strict-transport-security":"max-age=31536000; includeSubdomains; preload","x-frame-options":"deny","x-content-type-options":"nosniff","x-xss-protection":"0","referrer-policy":"origin-when-cross-origin, strict-origin-when-cross-origin","expect-ct":"max-age=2592000, report-uri=\"https://api.github.com/_private/browser/errors\"","content-security-policy":"default-src 'none'; base-uri 'self'; block-all-mixed-content; connect-src 'self' uploads.github.com www.githubstatus.com collector.githubapp.com api.github.com github-cloud.s3.amazonaws.com github-production-repository-file-5c1aeb.s3.amazonaws.com github-production-upload-manifest-file-7fdce7.s3.amazonaws.com github-production-user-asset-6210df.s3.amazonaws.com cdn.optimizely.com logx.optimizely.com/v1/events translator.github.com wss://alive.github.com; font-src github.githubassets.com; form-action 'self' github.com gist.github.com; frame-ancestors 'none'; frame-src render.githubusercontent.com render-temp.githubusercontent.com viewscreen.githubusercontent.com; img-src 'self' data: github.githubassets.com identicons.github.com collector.githubapp.com github-cloud.s3.amazonaws.com secured-user-images.githubusercontent.com/ *.githubusercontent.com; manifest-src 'self'; media-src 'none'; script-src github.githubassets.com; style-src 'unsafe-inline' github.githubassets.com; worker-src github.com/socket-worker-3f088aa2.js gist.github.com/socket-worker-3f088aa2.js","x-github-request-id":"E4E4:5A81:10FAFFB:1D96980:60E156D0"}
[debug] [2021-07-04T06:36:00.254Z] >>> [apiv2][query] GET https://api.github.com/user [none]
[debug] [2021-07-04T06:36:00.567Z] <<< [apiv2][status] GET https://api.github.com/user 200
[debug] [2021-07-04T06:36:00.567Z] <<< [apiv2][body] GET https://api.github.com/user {"login":"aika-l","id":67886657,"node_id":"MDQ6VXNlcjY3ODg2NjU3","avatar_url":"https://avatars.githubusercontent.com/u/67886657?v=4","gravatar_id":"","url":"https://api.github.com/users/aika-l","html_url":"https://github.com/aika-l","followers_url":"https://api.github.com/users/aika-l/followers","following_url":"https://api.github.com/users/aika-l/following{/other_user}","gists_url":"https://api.github.com/users/aika-l/gists{/gist_id}","starred_url":"https://api.github.com/users/aika-l/starred{/owner}{/repo}","subscriptions_url":"https://api.github.com/users/aika-l/subscriptions","organizations_url":"https://api.github.com/users/aika-l/orgs","repos_url":"https://api.github.com/users/aika-l/repos","events_url":"https://api.github.com/users/aika-l/events{/privacy}","received_events_url":"https://api.github.com/users/aika-l/received_events","type":"User","site_admin":false,"name":null,"company":null,"blog":"","location":null,"email":null,"hireable":null,"bio":null,"twitter_username":null,"public_repos":52,"public_gists":0,"followers":15,"following":18,"created_at":"2020-07-06T03:19:55Z","updated_at":"2021-07-04T06:35:59Z","private_gists":0,"total_private_repos":1,"owned_private_repos":1,"disk_usage":50619,"collaborators":0,"two_factor_authentication":false,"plan":{"name":"free","space":976562499,"collaborators":0,"private_repos":10000}}
[info] 
[info] ✔  Success! Logged into GitHub as aika-l 
[info] 
[debug] [2021-07-04T06:38:14.611Z] >>> [apiv2][query] GET https://api.github.com/repos//actions/secrets/public-key type=owner
[debug] [2021-07-04T06:38:14.860Z] <<< [apiv2][status] GET https://api.github.com/repos//actions/secrets/public-key 404
[debug] [2021-07-04T06:38:14.860Z] <<< [apiv2][body] GET https://api.github.com/repos//actions/secrets/public-key {"message":"Not Found","documentation_url":"https://docs.github.com/rest"}
[debug] [2021-07-04T06:38:18.037Z] >>> [apiv2][query] GET https://api.github.com/repos//actions/secrets/public-key type=owner
[debug] [2021-07-04T06:38:18.269Z] <<< [apiv2][status] GET https://api.github.com/repos//actions/secrets/public-key 404
[debug] [2021-07-04T06:38:18.269Z] <<< [apiv2][body] GET https://api.github.com/repos//actions/secrets/public-key {"message":"Not Found","documentation_url":"https://docs.github.com/rest"}
[debug] [2021-07-04T06:38:22.943Z] >>> [apiv2][query] GET https://api.github.com/repos//actions/secrets/public-key type=owner
[debug] [2021-07-04T06:38:23.230Z] <<< [apiv2][status] GET https://api.github.com/repos//actions/secrets/public-key 404
[debug] [2021-07-04T06:38:23.230Z] <<< [apiv2][body] GET https://api.github.com/repos//actions/secrets/public-key {"message":"Not Found","documentation_url":"https://docs.github.com/rest"}
[debug] [2021-07-04T06:38:26.863Z] >>> [apiv2][query] GET https://api.github.com/repos//actions/secrets/public-key type=owner
[debug] [2021-07-04T06:38:27.101Z] <<< [apiv2][status] GET https://api.github.com/repos//actions/secrets/public-key 404
[debug] [2021-07-04T06:38:27.101Z] <<< [apiv2][body] GET https://api.github.com/repos//actions/secrets/public-key {"message":"Not Found","documentation_url":"https://docs.github.com/rest"}
[debug] [2021-07-04T06:38:34.408Z] >>> [apiv2][query] GET https://api.github.com/repos//actions/secrets/public-key type=owner
[debug] [2021-07-04T06:38:34.644Z] <<< [apiv2][status] GET https://api.github.com/repos//actions/secrets/public-key 404
[debug] [2021-07-04T06:38:34.644Z] <<< [apiv2][body] GET https://api.github.com/repos//actions/secrets/public-key {"message":"Not Found","documentation_url":"https://docs.github.com/rest"}
[debug] [2021-07-04T06:38:59.006Z] >>> [apiv2][query] GET https://api.github.com/repos/firebase deploy/actions/secrets/public-key type=owner
[debug] [2021-07-04T06:38:59.278Z] <<< [apiv2][status] GET https://api.github.com/repos/firebase deploy/actions/secrets/public-key 404
[debug] [2021-07-04T06:38:59.280Z] <<< [apiv2][body] GET https://api.github.com/repos/firebase deploy/actions/secrets/public-key {"message":"Not Found","documentation_url":"https://docs.github.com/rest"}
